biggest rand() 2147483647
3983
3976
3817
3934
3874
3861
3806
3903
3905
3891
3929
3839
3918
3938
3878
3890
3785
4005
3868
3904
3903
3924
4014
3927
3946
4015
3943
3860
3986
4079
3892
3902
3873
3879
3871
3874
3852
3988
3789
3963
3837
4017
3859
3952
3969
3878
4010
3985
3842
3856
3907
3971
4005
3999
3851
3872
3940
3974
3967
3864
3908
3802
3940
3908
3885
3859
3781
3939
3862
3798
3959
3894
3931
3830
3974
3847
3922
3922
3975
3949
4051
3910
4036
3804
3899
3880
4004
3891
3840
3896
3938
3779
3921
3988
3964
3882
4005
3947
3990
3968
3916
3906
3819
3919
3854
3898
3925
3997
3855
3923
3866
3928
3882
3947
3918
3857
3935
3808
3920
3891
3881
3865
4027
3940
3951
3906
3916
3951
3862
3886
3914
3806
3869
3927
4028
3954
3938
4026
3885
3975
3861
3920
3863
4004
3899
3816
3960
4009
3821
3956
3955
3949
3924
3848
3819
3934
3977
3832
3892
3944
3902
3876
3869
3993
3908
3950
3952
3823
3822
3897
4024
3904
3868
3797
3850
3844
3873
3932
3781
3840
3856
3972
3929
3900
3910
3831
3913
3911
3821
3831
3940
3836
3864
3907
3957
3984
3975
3813
3956
3914
3891
3863
3954
3752
3910
3812
3930
3943
3835
3852
3967
3924
3952
4021
3925
3896
3883
3855
3850
3903
3822
3921
3954
3931
3962
4065
4020
3902
3835
3899
3950
3845
3852
3898
3868
3877
3968
3867
3974
3933
3880
3917
3832
3806
3886
3933
3927
3783
3887
3885
3848
3860
3985
3866
3779
3869
