1741
1690
1578
1672
1706
1650
1710
1646
1662
1682
1652
1703
1679
1729
1680
1658
1697
1688
1732
1631
1674
1709
1720
1659
1621
1662
1637
1647
1663
1744
1619
1581
1603
1626
1652
1617
1694
1659
1598
1600
1685
1682
1600
1636
1721
1615
1700
1654
1660
1716
1628
1580
1628
1690
1698
1666
1644
1639
1621
1732
1698
1746
1647
1667
1774
1690
1674
1622
1678
1703
1711
1660
1589
1653
1645
1653
1637
1683
1632
1780
1577
1719
1608
1682
1766
1638
1668
1707
1692
1621
1724
1635
1647
1684
1624
1666
1609
1648
1690
1675
1629
1652
1716
1661
1680
1620
1718
1633
1617
1600
1710
1677
1645
1777
1655
1706
1673
1670
1692
1680
