JUMLAH CIRCLES
3904
3906
3909
3911
3912
3914
3917
3921
3923
3924
3927
3928
3929
3930
3932
3933
3936
3937
3938
3939
3940
3941
3942
3943
3944
3945
3946
3947
3948
3949
3950
3951
3952
3953
3954
3955
3956
3957
3958
3959
3960
3961
3962
3963
3964
3965
3966
3967
3968
3969
3970
3971
3972
3973
3974
3975
3976
3977
3978
3979
3980
3981
3982
3983
3984
3985
3986
3987
3988
3989
3990
3991
3992
3993
3994
3995
3996
3997
3998
3999
4000
4001
4002
4003
4004
4005
4006
4007
4008
4009
4010
4011
4012
4013
4014
4015
4016
4017
4018
4019
4020
4021
4022
4023
4024
4025
4026
4027
4028
4029
4030
4031
4032
4034
4035
4040
4043
KEMUNCULAN
2
1
1
1
1
1
1
1
1
3
1
1
3
1
5
2
3
3
2
3
9
2
4
2
2
7
9
5
10
5
7
4
13
7
12
14
10
12
15
8
13
10
17
14
17
14
12
13
11
9
18
18
17
13
11
21
18
13
20
21
14
13
27
15
17
16
22
19
15
13
19
16
16
13
20
13
11
4
15
12
9
10
14
18
10
13
9
7
5
7
8
6
5
5
1
6
3
9
8
6
4
3
3
4
3
1
1
3
3
2
1
2
1
1
2
2
1
